<?xml version="1.0" encoding="UTF-8"?>
<!-- Generated by org.testng.reporters.JUnitReportReporter -->
<testsuite hostname="mhaskar-WX-1" failures="0" tests="4" name="test.java.runner.TestRunner" time="38.784" errors="0" timestamp="2021-06-03T11:42:49 GMT+05:30" skipped="0">
  <testcase classname="test.java.runner.TestRunner" name="feature" time="10.025"/>
  <system-out/>
  <testcase classname="test.java.runner.TestRunner" name="feature" time="11.921"/>
  <system-out/>
  <testcase classname="test.java.runner.TestRunner" name="feature" time="14.389"/>
  <system-out/>
  <testcase classname="test.java.runner.TestRunner" name="feature" time="2.449"/>
  <system-out/>
</testsuite> <!-- test.java.runner.TestRunner -->
